<?xml version="1.0" encoding="UTF-8"?>
<!-- Generated by org.testng.reporters.JUnitXMLReporter -->
<testsuite hostname="LAPTOP-0H3G4G6P" ignored="0" name="Default test" tests="3" failures="0" timestamp="2020-06-21T20:52:21 CAT" time="18.017" errors="0">
  <testcase name="homePageTitleTest" time="0.021" classname="com.absa.usermanagement.tests.HomePageTest"/>
  <testcase name="addUserDataTest" time="0.99" classname="com.absa.usermanagement.tests.HomePageTest"/>
  <testcase name="addUserDataTest" time="3.15" classname="com.absa.usermanagement.tests.HomePageTest"/>
</testsuite> <!-- Default test -->
